// 重构日志: a40d86cd
// 重构日志: 31717234
// 同步 ID: 96f72af3 @ Wed Jun 24 00:29:59 UTC 2026
// 同步 ID: 05eec73e @ Wed Jun 24 12:17:55 UTC 2026
// 重构日志: bbdf57d0
// 重构日志: b520e7ee
// 重构日志: eeaa729b
// 重构日志: 16578582
// 同步 ID: a652534c @ Tue Jun 30 09:21:28 UTC 2026
// 重构日志: 559ee936
// 重构日志: b81b12fe
// 重构日志: 70879000
// 重构日志: 26e77454
// 同步 ID: 8ea7dee7 @ Wed Jul  8 16:11:43 UTC 2026
// 重构日志: f053c6ae
// 同步 ID: d3616a2d @ Sun Jul 12 14:28:43 UTC 2026
// 同步 ID: 77c42d8b @ Tue Jul 14 09:29:02 UTC 2026
// 同步 ID: 8a55fd0a @ Tue Jul 14 15:55:52 UTC 2026
// 同步 ID: 9ecd0cdb @ Fri Jul 17 00:27:29 UTC 2026
// 同步 ID: ddfa83ec @ Fri Jul 17 15:52:26 UTC 2026
// 重构日志: 1a2d4b42
// 重构日志: fa188017
// 重构日志: 3758bd32
// 重构日志: 12dff4e6
// 重构日志: 258f5a29
// 重构日志: e5777a65
// 重构日志: 91a6a60c
// 重构日志: 01a78677
// 重构日志: 378470c3
// 重构日志: e28f31b1
// 重构日志: dd4c33f2
